1635189285703	geckodriver	INFO	Listening on 127.0.0.1:51813
1635189286146	mozrunner::runner	INFO	Running command: "/usr/bin/firefox" "--marionette" "--remote-debugging-port" "54921" "-no-remote" "-profile" "/tmp/rust_mozprofileIImfti"
1635189289536	Marionette	INFO	Marionette enabled
console.warn: SearchSettings: "get: No settings file exists, new profile?" (new NotFoundError("Could not open the file at /tmp/rust_mozprofileIImfti/search.json.mozlz4", (void 0)))
DevTools listening on ws://localhost:54921/devtools/browser/860c2fbd-851b-4a80-b40e-da8ef7d41e6d
1635189294790	Marionette	INFO	Listening on port 36051
1635189295032	RemoteAgent	WARN	TLS certificate errors will be ignored for this session
JavaScript error: https://www.atptour.com/assets/atpwt/scripts/vendor/postscribe.min.js?bust=637703540773427200, line 3: uncaught exception: [object Object]
JavaScript error: https://www.atptour.com/assets/atpwt/scripts/vendor/require.js, line 8: Error: Script error for: router
http://requirejs.org/docs/errors.html#scripterror
JavaScript error: https://www.atptour.com/assets/atpwt/scripts/vendor/postscribe.min.js?bust=637703540773427200, line 3: uncaught exception: [object Object]
JavaScript error: https://www.atptour.com/assets/atpwt/scripts/vendor/require.js, line 8: Error: Script error for: views/app
http://requirejs.org/docs/errors.html#scripterror
JavaScript error: https://www.atptour.com/assets/atpwt/scripts/vendor/postscribe.min.js?bust=637703540773427200, line 3: uncaught exception: [object Object]
JavaScript error: https://www.atptour.com/assets/atpwt/scripts/vendor/require.js, line 8: Error: Script error for: views/default/view
http://requirejs.org/docs/errors.html#scripterror
JavaScript error: https://www.atptour.com/assets/atpwt/scripts/vendor/postscribe.min.js?bust=637703540773427200, line 3: uncaught exception: [object Object]
JavaScript error: https://www.atptour.com/assets/atpwt/scripts/vendor/require.js, line 8: Error: Script error for: util/backboneUtil
http://requirejs.org/docs/errors.html#scripterror
JavaScript error: https://www.atptour.com/assets/atpwt/scripts/vendor/axios.min.js?bust=637703540773427200, line 195: Error: Request failed with status code 403
JavaScript warning: https://pagead2.googlesyndication.com/bg/Zz7DT35LXmuokobBJJC8eUu-TFeGwi-w65YEXeY0QRI.js line 1 > eval line 5033 > eval line 1 > eval, line 1: WEBGL_debug_renderer_info is deprecated in Firefox and will be removed. Please use RENDERER.
console.log: WebExtensions: reset-default-search: starting.
console.log: WebExtensions: reset-default-search: No addons in our list are installed.
1635191103827	geckodriver	INFO	Listening on 127.0.0.1:47961
1635191103839	mozrunner::runner	INFO	Running command: "/usr/bin/firefox" "--marionette" "--remote-debugging-port" "56787" "-no-remote" "-profile" "/tmp/rust_mozprofileRYg2YY"
1635191106639	Marionette	INFO	Marionette enabled
console.warn: SearchSettings: "get: No settings file exists, new profile?" (new NotFoundError("Could not open the file at /tmp/rust_mozprofileRYg2YY/search.json.mozlz4", (void 0)))
DevTools listening on ws://localhost:56787/devtools/browser/bc361b9f-9018-48c7-b280-fd75bd6ea937
1635191110694	Marionette	INFO	Listening on port 37855
1635191110792	RemoteAgent	WARN	TLS certificate errors will be ignored for this session
JavaScript error: https://www.atptour.com/assets/atpwt/third-party/rolex/standard/watch_js/_07_displayer_v2.js, line 123: InvalidStateError: CanvasRenderingContext2D.drawImage: Passed-in image is "broken"
JavaScript warning: https://pagead2.googlesyndication.com/bg/Zz7DT35LXmuokobBJJC8eUu-TFeGwi-w65YEXeY0QRI.js line 1 > eval line 809 > eval line 1 > eval, line 1: WEBGL_debug_renderer_info is deprecated in Firefox and will be removed. Please use RENDERER.
console.log: WebExtensions: reset-default-search: starting.
console.log: WebExtensions: reset-default-search: No addons in our list are installed.
JavaScript error: , line 0: TypeError: NetworkError when attempting to fetch resource.
JavaScript error: , line 0: TypeError: NetworkError when attempting to fetch resource.
JavaScript error: , line 0: TypeError: NetworkError when attempting to fetch resource.
JavaScript error: , line 0: TypeError: NetworkError when attempting to fetch resource.
JavaScript error: , line 0: TypeError: NetworkError when attempting to fetch resource.
JavaScript error: , line 0: TypeError: NetworkError when attempting to fetch resource.
1635192118984	Marionette	INFO	Stopped listening on port 37855
JavaScript error: resource:///modules/Interactions.jsm, line 201: NS_ERROR_FAILURE: Component returned failure code: 0x80004005 (NS_ERROR_FAILURE) [nsIUserIdleService.removeIdleObserver]
console.warn: TopSitesFeed: Failed to fetch data from Contile server: NetworkError when attempting to fetch resource.
JavaScript error: chrome://remote/content/marionette/cert.js, line 55: NS_ERROR_NOT_AVAILABLE: Component returned failure code: 0x80040111 (NS_ERROR_NOT_AVAILABLE) [nsICertOverrideService.setDisableAllSecurityChecksAndLetAttackersInterceptMyData]
1635192122046	Marionette	INFO	Stopped listening on port 36051
JavaScript error: resource:///modules/Interactions.jsm, line 201: NS_ERROR_FAILURE: Component returned failure code: 0x80004005 (NS_ERROR_FAILURE) [nsIUserIdleService.removeIdleObserver]
JavaScript error: , line 0: TypeError: NetworkError when attempting to fetch resource.
JavaScript error: , line 0: TypeError: NetworkError when attempting to fetch resource.
JavaScript error: , line 0: TypeError: NetworkError when attempting to fetch resource.
JavaScript error: , line 0: TypeError: NetworkError when attempting to fetch resource.
JavaScript error: , line 0: TypeError: NetworkError when attempting to fetch resource.
JavaScript error: , line 0: TypeError: NetworkError when attempting to fetch resource.
console.warn: TopSitesFeed: Failed to fetch data from Contile server: NetworkError when attempting to fetch resource.
JavaScript error: chrome://remote/content/marionette/cert.js, line 55: NS_ERROR_NOT_AVAILABLE: Component returned failure code: 0x80040111 (NS_ERROR_NOT_AVAILABLE) [nsICertOverrideService.setDisableAllSecurityChecksAndLetAttackersInterceptMyData]
