1639746747965	geckodriver	INFO	Listening on 127.0.0.1:63751
1639746750973	mozrunner::runner	INFO	Running command: "C:\\Program Files\\Mozilla Firefox\\firefox.exe" "--marionette" "-headless" "--remote-debugging-port" "63752" "-no-remote" "-profile" "C:\\Users\\ALBEIR~1.JIM\\AppData\\Local\\Temp\\rust_mozprofileOS9unr"
*** You are running in headless mode.
1639746752571	Marionette	INFO	Marionette enabled
[GFX1-]: RenderCompositorSWGL failed mapping default framebuffer, no dt
console.warn: SearchSettings: "get: No settings file exists, new profile?" (new NotFoundError("Could not open the file at C:\\Users\\albeiro.jimenez\\AppData\\Local\\Temp\\rust_mozprofileOS9unr\\search.json.mozlz4", (void 0)))
DevTools listening on ws://localhost:63752/devtools/browser/72f396c4-95b7-42f0-a835-156485706c0d
1639746753741	Marionette	INFO	Listening on port 63757
1639746754176	RemoteAgent	WARN	TLS certificate errors will be ignored for this session
console.warn: TopSitesFeed: Contile endpoint returned unexpected status: 403
JavaScript warning: https://assets.adobedtm.com/248d63c2ff6b/2565ed8af75a/launch-72ad17e37652.min.js, line 3: WEBGL_debug_renderer_info is deprecated in Firefox and will be removed. Please use RENDERER.
JavaScript warning: https://www.ford.com.co/fps/script/Ford/COL, line 4550: unreachable code after return statement
JavaScript error: https://secure-ds.serving-sys.com/SemiCachedScripts/ebOneTag.js, line 108: ReferenceError: bsResponseObj is not defined
console.log: WebExtensions: reset-default-search: starting.
console.log: WebExtensions: reset-default-search: No addons in our list are installed.
Exiting due to channel error.
Exiting due to channel error.
port" "60806" "-no-remote" "-profile" "C:\\Users\\ALBEIR~1.JIM\\AppData\\Local\\Temp\\rust_mozprofileyQlv17"
*** You are running in headless mode.
1639747033480	Marionette	INFO	Marionette enabled
[GFX1-]: RenderCompositorSWGL failed mapping default framebuffer, no dt
console.warn: SearchSettings: "get: No settings file exists, new profile?" (new NotFoundError("Could not open the file at C:\\Users\\albeiro.jimenez\\AppData\\Local\\Temp\\rust_mozprofileyQlv17\\search.json.mozlz4", (void 0)))
DevTools listening on ws://localhost:60806/devtools/browser/0aad18bd-a996-446f-9d05-c74c22a8a90d
1639747034866	Marionette	INFO	Listening on port 60817
1639747035092	RemoteAgent	WARN	TLS certificate errors will be ignored for this session
console.warn: TopSitesFeed: Contile endpoint returned unexpected status: 403
JavaScript warning: https://assets.adobedtm.com/248d63c2ff6b/2565ed8af75a/launch-72ad17e37652.min.js, line 3: WEBGL_debug_renderer_info is deprecated in Firefox and will be removed. Please use RENDERER.
JavaScript warning: https://www.ford.com.co/fps/script/Ford/COL, line 4550: unreachable code after return statement
JavaScript error: https://secure-ds.serving-sys.com/SemiCachedScripts/ebOneTag.js, line 108: ReferenceError: bsResponseObj is not defined
JavaScript error: https://s.go-mpulse.net/boomerang/VM2D5-QRDVT-82P4X-PYWQ6-JE6WW, line 10: SecurityError: Permission denied to access property "requestIdleCallback" on cross-origin object
console.log: WebExtensions: reset-default-search: starting.
console.log: WebExtensions: reset-default-search: No addons in our list are installed.
1639747732347	Marionette	INFO	Stopped listening on port 60817

###!!! [Parent][MessageChannel] Error: (msgtype=0x39007A,name=PContent::Msg_DestroyBrowsingContextGroup) Closed channel: cannot send/recv


###!!! [Parent][MessageChannel] Error: (msgtype=0x39014F,name=PContent::Reply_DiscardBrowsingContext) Closed channel: cannot send/recv


###!!! [Child][RunMessage] Error: Channel closing: too late to send/recv, messages will be lost


###!!! [Child][RunMessage] Error: Channel closing: too late to send/recv, messages will be lost


###!!! [Parent][RunMessage] Error: Channel closing: too late to send/recv, messages will be lost

1639747737140	geckodriver	INFO	Listening on 127.0.0.1:54440
1639747740049	mozrunner::runner	INFO	Running command: "C:\\Program Files\\Mozilla Firefox\\firefox.exe" "--marionette" "-headless" "--remote-debugging-port" "54441" "-no-remote" "-profile" "C:\\Users\\ALBEIR~1.JIM\\AppData\\Local\\Temp\\rust_mozprofileQFaoC0"
*** You are running in headless mode.
1639747741678	Marionette	INFO	Marionette enabled
[GFX1-]: RenderCompositorSWGL failed mapping default framebuffer, no dt
console.warn: SearchSettings: "get: No settings file exists, new profile?" (new NotFoundError("Could not open the file at C:\\Users\\albeiro.jimenez\\AppData\\Local\\Temp\\rust_mozprofileQFaoC0\\search.json.mozlz4", (void 0)))
DevTools listening on ws://localhost:54441/devtools/browser/84a4bbc7-f29f-4d61-a6d7-a92de59390bf
1639747743018	Marionette	INFO	Listening on port 54449
1639747743280	RemoteAgent	WARN	TLS certificate errors will be ignored for this session
console.warn: TopSitesFeed: Contile endpoint returned unexpected status: 403
JavaScript warning: https://assets.adobedtm.com/248d63c2ff6b/2565ed8af75a/launch-72ad17e37652.min.js, line 3: WEBGL_debug_renderer_info is deprecated in Firefox and will be removed. Please use RENDERER.
JavaScript warning: https://www.ford.com.co/fps/script/Ford/COL, line 4550: unreachable code after return statement
JavaScript error: https://secure-ds.serving-sys.com/SemiCachedScripts/ebOneTag.js, line 108: ReferenceError: bsResponseObj is not defined
JavaScript error: https://s.go-mpulse.net/boomerang/VM2D5-QRDVT-82P4X-PYWQ6-JE6WW, line 10: SecurityError: Permission denied to access property "requestIdleCallback" on cross-origin object
1639748205310	Marionette	INFO	Stopped listening on port 54449
WARNING: A blocker encountered an error while we were waiting.
          Blocker:  CrashMonitor: Writing notifications to file after receiving profile-before-change
          Phase: IOUtils: waiting for profileBeforeChange IO to complete
          State: (none)
WARNING: OperationError: Could not move temporary file(C:\Users\albeiro.jimenez\AppData\Local\Temp\rust_mozprofileQFaoC0\sessionCheckpoints.json.tmp) to destination(C:\Users\albeiro.jimenez\AppData\Local\Temp\rust_mozprofileQFaoC0\sessionCheckpoints.json)
WARNING: observe@resource://gre/modules/AsyncShutdown.jsm:575:16

JavaScript error: resource://gre/modules/AsyncShutdown.jsm, line 575: OperationError: Could not move temporary file(C:\Users\albeiro.jimenez\AppData\Local\Temp\rust_mozprofileQFaoC0\sessionCheckpoints.json.tmp) to destination(C:\Users\albeiro.jimenez\AppData\Local\Temp\rust_mozprofileQFaoC0\sessionCheckpoints.json)

###!!! [Parent][MessageChannel] Error: (msgtype=0x39014F,name=PContent::Reply_DiscardBrowsingContext) Closed channel: cannot send/recv


###!!! [Parent][MessageChannel] Error: (msgtype=0x39007A,name=PContent::Msg_DestroyBrowsingContextGroup) Closed channel: cannot send/recv


###!!! [Parent][RunMessage] Error: Channel closing: too late to send/recv, messages will be lost

1639748209710	geckodriver	INFO	Listening on 127.0.0.1:56415
1639748212693	mozrunner::runner	INFO	Running command: "C:\\Program Files\\Mozilla Firefox\\firefox.exe" "--marionette" "-headless" "--remote-debugging-port" "56416" "-no-remote" "-profile" "C:\\Users\\ALBEIR~1.JIM\\AppData\\Local\\Temp\\rust_mozprofiley3uBQ4"
*** You are running in headless mode.
1639748214324	Marionette	INFO	Marionette enabled
[GFX1-]: RenderCompositorSWGL failed mapping default framebuffer, no dt
console.warn: SearchSettings: "get: No settings file exists, new profile?" (new NotFoundError("Could not open the file at C:\\Users\\albeiro.jimenez\\AppData\\Local\\Temp\\rust_mozprofiley3uBQ4\\search.json.mozlz4", (void 0)))
DevTools listening on ws://localhost:56416/devtools/browser/e4d7512c-0f80-48ba-a20e-47f79bd8b7cb
1639748215780	Marionette	INFO	Listening on port 56423
1639748215912	RemoteAgent	WARN	TLS certificate errors will be ignored for this session
console.warn: TopSitesFeed: Contile endpoint returned unexpected status: 403
JavaScript warning: https://assets.adobedtm.com/248d63c2ff6b/2565ed8af75a/launch-72ad17e37652.min.js, line 3: WEBGL_debug_renderer_info is deprecated in Firefox and will be removed. Please use RENDERER.
JavaScript warning: https://www.ford.com.co/fps/script/Ford/COL, line 4550: unreachable code after return statement
JavaScript error: https://secure-ds.serving-sys.com/SemiCachedScripts/ebOneTag.js, line 108: ReferenceError: bsResponseObj is not defined
console.log: WebExtensions: reset-default-search: starting.
console.log: WebExtensions: reset-default-search: No addons in our list are installed.
1639748859481	Marionette	INFO	Stopped listening on port 56423

###!!! [Parent][MessageChannel] Error: (msgtype=0x39014F,name=PContent::Reply_DiscardBrowsingContext) Closed channel: cannot send/recv


###!!! [Child][RunMessage] Error: Channel closing: too late to send/recv, messages will be lost


###!!! [Parent][MessageChannel] Error: (msgtype=0x39007A,name=PContent::Msg_DestroyBrowsingContextGroup) Closed channel: cannot send/recv


###!!! [Child][RunMessage] Error: Channel closing: too late to send/recv, messages will be lost


###!!! [Parent][RunMessage] Error: Channel closing: too late to send/recv, messages will be lost

1639748928688	geckodriver	INFO	Listening on 127.0.0.1:63707
1639748931620	mozrunner::runner	INFO	Running command: "C:\\Program Files\\Mozilla Firefox\\firefox.exe" "--marionette" "-headless" "--remote-debugging-port" "63708" "-no-remote" "-profile" "C:\\Users\\ALBEIR~1.JIM\\AppData\\Local\\Temp\\rust_mozprofilebyoNfv"
*** You are running in headless mode.
1639748933181	Marionette	INFO	Marionette enabled
[GFX1-]: RenderCompositorSWGL failed mapping default framebuffer, no dt
console.warn: SearchSettings: "get: No settings file exists, new profile?" (new NotFoundError("Could not open the file at C:\\Users\\albeiro.jimenez\\AppData\\Local\\Temp\\rust_mozprofilebyoNfv\\search.json.mozlz4", (void 0)))
DevTools listening on ws://localhost:63708/devtools/browser/3cea9583-46ff-4a21-a7f9-ecc7974bc26b
1639748934545	Marionette	INFO	Listening on port 63717
1639748934831	RemoteAgent	WARN	TLS certificate errors will be ignored for this session
console.warn: TopSitesFeed: Contile endpoint returned unexpected status: 403
JavaScript warning: https://assets.adobedtm.com/248d63c2ff6b/2565ed8af75a/launch-72ad17e37652.min.js, line 3: WEBGL_debug_renderer_info is deprecated in Firefox and will be removed. Please use RENDERER.
JavaScript warning: https://www.ford.com.co/fps/script/Ford/COL, line 4550: unreachable code after return statement
JavaScript error: https://secure-ds.serving-sys.com/SemiCachedScripts/ebOneTag.js, line 108: ReferenceError: bsResponseObj is not defined
1639749168921	Marionette	INFO	Stopped listening on port 63717

###!!! [Parent][MessageChannel] Error: (msgtype=0x39014F,name=PContent::Reply_DiscardBrowsingContext) Closed channel: cannot send/recv


###!!! [Parent][MessageChannel] Error: (msgtype=0x39007A,name=PContent::Msg_DestroyBrowsingContextGroup) Closed channel: cannot send/recv


###!!! [Parent][RunMessage] Error: Channel closing: too late to send/recv, messages will be lost

1639749173234	geckodriver	INFO	Listening on 127.0.0.1:51170
1639749176172	mozrunner::runner	INFO	Running command: "C:\\Program Files\\Mozilla Firefox\\firefox.exe" "--marionette" "-headless" "--remote-debugging-port" "51171" "-no-remote" "-profile" "C:\\Users\\ALBEIR~1.JIM\\AppData\\Local\\Temp\\rust_mozprofileW4lq1P"
*** You are running in headless mode.
1639749178619	Marionette	INFO	Marionette enabled
[GFX1-]: RenderCompositorSWGL failed mapping default framebuffer, no dt
console.warn: SearchSettings: "get: No settings file exists, new profile?" (new NotFoundError("Could not open the file at C:\\Users\\albeiro.jimenez\\AppData\\Local\\Temp\\rust_mozprofileW4lq1P\\search.json.mozlz4", (void 0)))
DevTools listening on ws://localhost:51171/devtools/browser/1c8f6392-e6fe-40ff-bf74-65792b656660
1639749180783	Marionette	INFO	Listening on port 51179
1639749181100	RemoteAgent	WARN	TLS certificate errors will be ignored for this session
console.warn: TopSitesFeed: Contile endpoint returned unexpected status: 403
JavaScript warning: https://assets.adobedtm.com/248d63c2ff6b/2565ed8af75a/launch-72ad17e37652.min.js, line 3: WEBGL_debug_renderer_info is deprecated in Firefox and will be removed. Please use RENDERER.
JavaScript warning: https://www.ford.com.co/fps/script/Ford/COL, line 4550: unreachable code after return statement
JavaScript error: https://secure-ds.serving-sys.com/SemiCachedScripts/ebOneTag.js, line 108: ReferenceError: bsResponseObj is not defined
console.log: WebExtensions: reset-default-search: starting.
console.log: WebExtensions: reset-default-search: No addons in our list are installed.
Exiting due to channel error.
Exiting due to channel error.
port" "51155" "-no-remote" "-profile" "C:\\Users\\ALBEIR~1.JIM\\AppData\\Local\\Temp\\rust_mozprofileCH7g60"
*** You are running in headless mode.
1639749376936	Marionette	INFO	Marionette enabled
[GFX1-]: RenderCompositorSWGL failed mapping default framebuffer, no dt
console.warn: SearchSettings: "get: No settings file exists, new profile?" (new NotFoundError("Could not open the file at C:\\Users\\albeiro.jimenez\\AppData\\Local\\Temp\\rust_mozprofileCH7g60\\search.json.mozlz4", (void 0)))
DevTools listening on ws://localhost:51155/devtools/browser/20973d6b-4481-4a2b-8780-e979902938ad
1639749378460	Marionette	INFO	Listening on port 51161
1639749378533	RemoteAgent	WARN	TLS certificate errors will be ignored for this session
console.warn: TopSitesFeed: Contile endpoint returned unexpected status: 403
JavaScript warning: https://assets.adobedtm.com/248d63c2ff6b/2565ed8af75a/launch-72ad17e37652.min.js, line 3: WEBGL_debug_renderer_info is deprecated in Firefox and will be removed. Please use RENDERER.
JavaScript warning: https://www.ford.com.co/fps/script/Ford/COL, line 4550: unreachable code after return statement
JavaScript error: https://s.go-mpulse.net/boomerang/VM2D5-QRDVT-82P4X-PYWQ6-JE6WW, line 10: SecurityError: Permission denied to access property "requestIdleCallback" on cross-origin object
console.error: services.settings: 
  Message: TypeError: NetworkError: Network request failed
  Stack:
    fetch/</request.onerror@resource://services-settings/Utils.jsm:131:26

console.error: services.settings: 
  Message: TypeError: NetworkError: Network request failed
  Stack:
    fetch/</request.onerror@resource://services-settings/Utils.jsm:131:26

console.log: WebExtensions: reset-default-search: starting.
console.log: WebExtensions: reset-default-search: No addons in our list are installed.
JavaScript error: resource://gre/modules/XULStore.jsm, line 66: Error: Can't find profile directory.
1639751887481	geckodriver	INFO	Listening on 127.0.0.1:49260
1639751890449	mozrunner::runner	INFO	Running command: "C:\\Program Files\\Mozilla Firefox\\firefox.exe" "--marionette" "-headless" "--remote-debugging-port" "49261" "-no-remote" "-profile" "C:\\Users\\ALBEIR~1.JIM\\AppData\\Local\\Temp\\rust_mozprofiledhVtXf"
*** You are running in headless mode.
1639751892148	Marionette	INFO	Marionette enabled
[GFX1-]: RenderCompositorSWGL failed mapping default framebuffer, no dt
console.warn: SearchSettings: "get: No settings file exists, new profile?" (new NotFoundError("Could not open the file at C:\\Users\\albeiro.jimenez\\AppData\\Local\\Temp\\rust_mozprofiledhVtXf\\search.json.mozlz4", (void 0)))
DevTools listening on ws://localhost:49261/devtools/browser/c959b1aa-0e76-4a8c-a7ad-60abd14aafe9
1639751893508	Marionette	INFO	Listening on port 49271
1639751893678	RemoteAgent	WARN	TLS certificate errors will be ignored for this session
console.warn: TopSitesFeed: Contile endpoint returned unexpected status: 403
JavaScript warning: https://assets.adobedtm.com/248d63c2ff6b/2565ed8af75a/launch-72ad17e37652.min.js, line 3: WEBGL_debug_renderer_info is deprecated in Firefox and will be removed. Please use RENDERER.
JavaScript warning: https://www.ford.com.co/fps/script/Ford/COL, line 4550: unreachable code after return statement
JavaScript error: https://secure-ds.serving-sys.com/SemiCachedScripts/ebOneTag.js, line 108: ReferenceError: bsResponseObj is not defined
JavaScript error: https://www.xaxis.com/artificial-intelligence/, line 50: TypeError: ip_address is null
JavaScript error: resource://gre/modules/XULStore.jsm, line 66: Error: Can't find profile directory.
console.log: WebExtensions: reset-default-search: starting.
console.log: WebExtensions: reset-default-search: No addons in our list are installed.
1639753760025	geckodriver	INFO	Listening on 127.0.0.1:56184
1639753762921	mozrunner::runner	INFO	Running command: "C:\\Program Files\\Mozilla Firefox\\firefox.exe" "--marionette" "-headless" "--remote-debugging-port" "56185" "-no-remote" "-profile" "C:\\Users\\ALBEIR~1.JIM\\AppData\\Local\\Temp\\rust_mozprofilejcGG9r"
*** You are running in headless mode.
1639753765028	Marionette	INFO	Marionette enabled
[GFX1-]: RenderCompositorSWGL failed mapping default framebuffer, no dt
console.warn: SearchSettings: "get: No settings file exists, new profile?" (new NotFoundError("Could not open the file at C:\\Users\\albeiro.jimenez\\AppData\\Local\\Temp\\rust_mozprofilejcGG9r\\search.json.mozlz4", (void 0)))
DevTools listening on ws://localhost:56185/devtools/browser/99dcb346-4144-4ea9-902a-13bc44198723
1639753767189	Marionette	INFO	Listening on port 56191
1639753767250	RemoteAgent	WARN	TLS certificate errors will be ignored for this session
console.error: Region.jsm: "Error fetching region" (new Error("TIMEOUT", "resource://gre/modules/Region.jsm", 772))
console.error: Region.jsm: "Failed to fetch region" (new Error("TIMEOUT", "resource://gre/modules/Region.jsm", 419))
console.warn: TopSitesFeed: Contile endpoint returned unexpected status: 403
JavaScript warning: https://assets.adobedtm.com/248d63c2ff6b/2565ed8af75a/launch-72ad17e37652.min.js, line 3: WEBGL_debug_renderer_info is deprecated in Firefox and will be removed. Please use RENDERER.
JavaScript warning: https://www.ford.com.co/fps/script/Ford/COL, line 4550: unreachable code after return statement
JavaScript error: resource://gre/modules/XULStore.jsm, line 66: Error: Can't find profile directory.
console.error: services.settings: 
  Message: TypeError: NetworkError: Network request failed
  Stack:
    fetch/</request.onerror@resource://services-settings/Utils.jsm:131:26

console.log: WebExtensions: reset-default-search: starting.
console.log: WebExtensions: reset-default-search: No addons in our list are installed.
JavaScript error: resource://gre/modules/XULStore.jsm, line 66: Error: Can't find profile directory.
JavaScript error: https://secure-ds.serving-sys.com/SemiCachedScripts/ebOneTag.js, line 108: ReferenceError: bsResponseObj is not defined
Exiting due to channel error.
Listening on 127.0.0.1:58652
1639755520622	mozrunner::runner	INFO	Running command: "C:\\Program Files\\Mozilla Firefox\\firefox.exe" "--marionette" "-headless" "--remote-debugging-port" "58653" "-no-remote" "-profile" "C:\\Users\\ALBEIR~1.JIM\\AppData\\Local\\Temp\\rust_mozprofileNPDl9o"
*** You are running in headless mode.
1639755523042	Marionette	INFO	Marionette enabled
[GFX1-]: RenderCompositorSWGL failed mapping default framebuffer, no dt
console.warn: SearchSettings: "get: No settings file exists, new profile?" (new NotFoundError("Could not open the file at C:\\Users\\albeiro.jimenez\\AppData\\Local\\Temp\\rust_mozprofileNPDl9o\\search.json.mozlz4", (void 0)))
DevTools listening on ws://localhost:58653/devtools/browser/edc4b80c-7921-4b8b-bda7-05a236e2ea7e
1639755526064	Marionette	INFO	Listening on port 58661
1639755526254	RemoteAgent	WARN	TLS certificate errors will be ignored for this session
console.warn: TopSitesFeed: Contile endpoint returned unexpected status: 403
JavaScript warning: https://assets.adobedtm.com/248d63c2ff6b/2565ed8af75a/launch-72ad17e37652.min.js, line 3: WEBGL_debug_renderer_info is deprecated in Firefox and will be removed. Please use RENDERER.
JavaScript warning: https://www.ford.com.co/fps/script/Ford/COL, line 4550: unreachable code after return statement
JavaScript error: https://secure-ds.serving-sys.com/SemiCachedScripts/ebOneTag.js, line 108: ReferenceError: bsResponseObj is not defined
JavaScript error: resource://gre/modules/XULStore.jsm, line 66: Error: Can't find profile directory.
JavaScript error: https://secure-ds.serving-sys.com/SemiCachedScripts/ebOneTag.js, line 108: ReferenceError: bsResponseObj is not defined
console.log: WebExtensions: reset-default-search: starting.
console.log: WebExtensions: reset-default-search: No addons in our list are installed.
Exiting due to channel error.
Listening on 127.0.0.1:59471
1639757656847	mozrunner::runner	INFO	Running command: "C:\\Program Files\\Mozilla Firefox\\firefox.exe" "--marionette" "-headless" "--remote-debugging-port" "59472" "-no-remote" "-profile" "C:\\Users\\ALBEIR~1.JIM\\AppData\\Local\\Temp\\rust_mozprofileh1Nhe2"
*** You are running in headless mode.
1639757662369	Marionette	INFO	Marionette enabled
[GFX1-]: RenderCompositorSWGL failed mapping default framebuffer, no dt
console.warn: SearchSettings: "get: No settings file exists, new profile?" (new NotFoundError("Could not open the file at C:\\Users\\albeiro.jimenez\\AppData\\Local\\Temp\\rust_mozprofileh1Nhe2\\search.json.mozlz4", (void 0)))
DevTools listening on ws://localhost:59472/devtools/browser/bde24164-5540-4bd2-86cf-276f5d4e9d94
1639757666232	Marionette	INFO	Listening on port 59479
1639757666420	RemoteAgent	WARN	TLS certificate errors will be ignored for this session
console.error: Region.jsm: "Error fetching region" (new Error("TIMEOUT", "resource://gre/modules/Region.jsm", 772))
console.error: Region.jsm: "Failed to fetch region" (new Error("TIMEOUT", "resource://gre/modules/Region.jsm", 419))
console.warn: TopSitesFeed: Contile endpoint returned unexpected status: 403
JavaScript warning: https://assets.adobedtm.com/248d63c2ff6b/2565ed8af75a/launch-72ad17e37652.min.js, line 3: WEBGL_debug_renderer_info is deprecated in Firefox and will be removed. Please use RENDERER.
JavaScript warning: https://www.ford.com.co/fps/script/Ford/COL, line 4550: unreachable code after return statement
JavaScript error: https://secure-ds.serving-sys.com/SemiCachedScripts/ebOneTag.js, line 108: ReferenceError: bsResponseObj is not defined
1639758176248	addons.xpi	ERROR	System addon update list error Error: Failed downloading XML, status: 0, reason: error
Program Files\\Mozilla Firefox\\firefox.exe" "--marionette" "-headless" "--remote-debugging-port" "55239" "-no-remote" "-profile" "C:\\Users\\ALBEIR~1.JIM\\AppData\\Local\\Temp\\rust_mozprofileXfzAxZ"
*** You are running in headless mode.
1639757849605	Marionette	INFO	Marionette enabled
[GFX1-]: RenderCompositorSWGL failed mapping default framebuffer, no dt
console.warn: SearchSettings: "get: No settings file exists, new profile?" (new NotFoundError("Could not open the file at C:\\Users\\albeiro.jimenez\\AppData\\Local\\Temp\\rust_mozprofileXfzAxZ\\search.json.mozlz4", (void 0)))
DevTools listening on ws://localhost:55239/devtools/browser/ca1582d7-8b09-468d-b396-d08ad5f6457b
1639757856109	Marionette	INFO	Listening on port 55246
1639757856474	RemoteAgent	WARN	TLS certificate errors will be ignored for this session
console.error: Region.jsm: "Error fetching region" (new Error("TIMEOUT", "resource://gre/modules/Region.jsm", 772))
console.error: Region.jsm: "Failed to fetch region" (new Error("TIMEOUT", "resource://gre/modules/Region.jsm", 419))
console.warn: TopSitesFeed: Contile endpoint returned unexpected status: 403
JavaScript warning: https://assets.adobedtm.com/248d63c2ff6b/2565ed8af75a/launch-72ad17e37652.min.js, line 3: WEBGL_debug_renderer_info is deprecated in Firefox and will be removed. Please use RENDERER.
JavaScript error: , line 0: TypeError: ServiceWorker script at https://www.ford.com.co/akam-sw.js for scope https://www.ford.com.co/ encountered an error during installation.
JavaScript warning: https://www.ford.com.co/fps/script/Ford/COL, line 4550: unreachable code after return statement
JavaScript error: resource://gre/modules/XULStore.jsm, line 66: Error: Can't find profile directory.
console.log: WebExtensions: reset-default-search: starting.
console.log: WebExtensions: reset-default-search: No addons in our list are installed.
Exiting due to channel error.
Exiting due to channel error.
