1639620950754	geckodriver	INFO	Listening on 127.0.0.1:50260
1639620953688	mozrunner::runner	INFO	Running command: "C:\\Program Files\\Mozilla Firefox\\firefox.exe" "--marionette" "-headless" "--remote-debugging-port" "50261" "-no-remote" "-profile" "C:\\Users\\ALBEIR~1.JIM\\AppData\\Local\\Temp\\rust_mozprofileH3YBg9"
*** You are running in headless mode.
1639620955253	Marionette	INFO	Marionette enabled
[GFX1-]: RenderCompositorSWGL failed mapping default framebuffer, no dt
console.warn: SearchSettings: "get: No settings file exists, new profile?" (new NotFoundError("Could not open the file at C:\\Users\\albeiro.jimenez\\AppData\\Local\\Temp\\rust_mozprofileH3YBg9\\search.json.mozlz4", (void 0)))
DevTools listening on ws://localhost:50261/devtools/browser/46b7822c-fc83-4770-a4c4-b8b8483075ec
1639620956487	Marionette	INFO	Listening on port 50268
1639620956895	RemoteAgent	WARN	TLS certificate errors will be ignored for this session
console.warn: TopSitesFeed: Contile endpoint returned unexpected status: 403
1639621068914	Marionette	INFO	Stopped listening on port 50268

###!!! [Parent][RunMessage] Error: Channel closing: too late to send/recv, messages will be lost

1639621095570	geckodriver	INFO	Listening on 127.0.0.1:63643
1639621098507	mozrunner::runner	INFO	Running command: "C:\\Program Files\\Mozilla Firefox\\firefox.exe" "--marionette" "-headless" "--remote-debugging-port" "63644" "-no-remote" "-profile" "C:\\Users\\ALBEIR~1.JIM\\AppData\\Local\\Temp\\rust_mozprofile8m6YtB"
*** You are running in headless mode.
1639621100096	Marionette	INFO	Marionette enabled
[GFX1-]: RenderCompositorSWGL failed mapping default framebuffer, no dt
console.warn: SearchSettings: "get: No settings file exists, new profile?" (new NotFoundError("Could not open the file at C:\\Users\\albeiro.jimenez\\AppData\\Local\\Temp\\rust_mozprofile8m6YtB\\search.json.mozlz4", (void 0)))
DevTools listening on ws://localhost:63644/devtools/browser/6a9c1186-7194-414f-b7e2-2fb790ea7914
1639621101633	Marionette	INFO	Listening on port 63649
1639621101705	RemoteAgent	WARN	TLS certificate errors will be ignored for this session
console.warn: TopSitesFeed: Contile endpoint returned unexpected status: 403
1639621327538	Marionette	INFO	Stopped listening on port 63649

###!!! [Parent][MessageChannel] Error: (msgtype=0x39014F,name=PContent::Reply_DiscardBrowsingContext) Closed channel: cannot send/recv


###!!! [Parent][MessageChannel] Error: (msgtype=0x39014F,name=PContent::Reply_DiscardBrowsingContext) Closed channel: cannot send/recv


###!!! [Parent][MessageChannel] Error: (msgtype=0x39014F,name=PContent::Reply_DiscardBrowsingContext) Closed channel: cannot send/recv


###!!! [Child][RunMessage] Error: Channel closing: too late to send/recv, messages will be lost


###!!! [Parent][MessageChannel] Error: (msgtype=0x39007A,name=PContent::Msg_DestroyBrowsingContextGroup) Closed channel: cannot send/recv


###!!! [Parent][RunMessage] Error: Channel closing: too late to send/recv, messages will be lost

